[2025-08-02 15:03:00] ERROR: ❌ galeria.html -> https://github.com/MarcoS9309/desktop-tutorial/blob/main/FabulasEmocionales/index.html - ENLACE ROTO
[2025-08-02 15:03:00] ERROR: ❌ galeria.html -> https://marcos9309.github.io/desktop-tutorial/game.html - ENLACE ROTO
[2025-08-02 15:03:00] ERROR: ❌ galeria.html -> https://github.com/MarcoS9309/desktop-tutorial/blob/main/game.html - ENLACE ROTO
[2025-08-02 15:03:00] ERROR: ❌ 404.html - X-Content-Type-Options faltante
[2025-08-02 15:03:00] ERROR: ❌ 404.html - X-Frame-Options faltante
[2025-08-02 15:03:00] ERROR: ❌ 404.html - X-XSS-Protection faltante
[2025-08-02 15:03:00] ERROR: ❌ admin_panel.html - X-Content-Type-Options faltante
[2025-08-02 15:03:00] ERROR: ❌ admin_panel.html - X-Frame-Options faltante
[2025-08-02 15:03:00] ERROR: ❌ admin_panel.html - X-XSS-Protection faltante
[2025-08-02 15:03:00] ERROR: ❌ blog_nuevo.html - X-Content-Type-Options faltante
[2025-08-02 15:03:00] ERROR: ❌ blog_nuevo.html - X-Frame-Options faltante
[2025-08-02 15:03:00] ERROR: ❌ blog_nuevo.html - X-XSS-Protection faltante
[2025-08-02 15:03:00] ERROR: ❌ contacto.html - X-Content-Type-Options faltante
[2025-08-02 15:03:00] ERROR: ❌ contacto.html - X-Frame-Options faltante
[2025-08-02 15:03:00] ERROR: ❌ contacto.html - X-XSS-Protection faltante
[2025-08-02 15:03:00] ERROR: ❌ galeria.html - X-Content-Type-Options faltante
[2025-08-02 15:03:00] ERROR: ❌ galeria.html - X-Frame-Options faltante
[2025-08-02 15:03:00] ERROR: ❌ galeria.html - X-XSS-Protection faltante
[2025-08-02 15:03:00] ERROR: ❌ index_corregido.html - X-Content-Type-Options faltante
[2025-08-02 15:03:00] ERROR: ❌ index_corregido.html - X-Frame-Options faltante
[2025-08-02 15:03:00] ERROR: ❌ index_corregido.html - X-XSS-Protection faltante
[2025-08-02 15:03:00] ERROR: ❌ sobre-mi.html - X-Content-Type-Options faltante
[2025-08-02 15:03:00] ERROR: ❌ sobre-mi.html - X-Frame-Options faltante
[2025-08-02 15:03:00] ERROR: ❌ sobre-mi.html - X-XSS-Protection faltante
[2025-08-02 15:03:00] ERROR: ❌ status_report.html - X-Content-Type-Options faltante
[2025-08-02 15:03:00] ERROR: ❌ status_report.html - X-Frame-Options faltante
[2025-08-02 15:03:00] ERROR: ❌ status_report.html - X-XSS-Protection faltante
[2025-08-02 15:03:00] ERROR: ❌ 404.html - Información de licencia faltante
[2025-08-02 15:03:00] ERROR: ❌ admin_panel.html - Información de licencia faltante
[2025-08-02 15:03:00] ERROR: ❌ blog_nuevo.html - Información de licencia faltante
[2025-08-02 15:03:00] ERROR: ❌ contacto.html - Información de licencia faltante
[2025-08-02 15:03:00] ERROR: ❌ galeria.html - Información de licencia faltante
[2025-08-02 15:03:00] ERROR: ❌ index_corregido.html - Información de licencia faltante
[2025-08-02 15:03:00] ERROR: ❌ sobre-mi.html - Información de licencia faltante
[2025-08-02 15:03:00] ERROR: ❌ status_report.html - Información de licencia faltante
